Using pre-set license
Built from '2021.1/staging' branch; Version is '2021.1.5f1 (3737af19df53) revision 3618735'; Using compiler version '192528614'; Build Type 'Release'
OS: 'Windows 10 Pro; OS build 19043.1466; Version 2009; 64bit' Language: 'de' Physical Memory: 16336 MB
BatchMode: 1, IsHumanControllingUs: 0, StartBugReporterOnCrash: 0, Is64bit: 1, IsPro: 0

 COMMAND LINE ARGUMENTS:
C:\Program Files\Unity 2021.1.5f1\Editor\Unity.exe
-adb2
-batchMode
-noUpm
-name
AssetImportWorker0
-projectPath
C:/Users/kunde/Desktop/Philosopha/PhilosophaAlpha
-logFile
Logs/AssetImportWorker0.log
-srvPort
61873
Successfully changed project path to: C:/Users/kunde/Desktop/Philosopha/PhilosophaAlpha
C:/Users/kunde/Desktop/Philosopha/PhilosophaAlpha
Using Asset Import Pipeline V2.
Refreshing native plugins compatible for Editor in 80.91 ms, found 1 plugins.
Preloading 0 native plugins for Editor in 0.00 ms.
Initialize engine version: 2021.1.5f1 (3737af19df53)
[Subsystems] Discovering subsystems at path C:/Program Files/Unity 2021.1.5f1/Editor/Data/Resources/UnitySubsystems
[Subsystems] Discovering subsystems at path C:/Users/kunde/Desktop/Philosopha/PhilosophaAlpha/Assets
GfxDevice: creating device client; threaded=0; jobified=0
Direct3D:
    Version:  Direct3D 11.0 [level 11.1]
    Renderer: NVIDIA GeForce GTX 1660 (ID=0x2184)
    Vendor:   NVIDIA
    VRAM:     5991 MB
    Driver:   30.0.14.9709
Initialize mono
Mono path[0] = 'C:/Program Files/Unity 2021.1.5f1/Editor/Data/Managed'
Mono path[1] = 'C:/Program Files/Unity 2021.1.5f1/Editor/Data/MonoBleedingEdge/lib/mono/unityjit'
Mono config path = 'C:/Program Files/Unity 2021.1.5f1/Editor/Data/MonoBleedingEdge/etc'
Using monoOptions --debugger-agent=transport=dt_socket,embedding=1,server=y,suspend=n,address=127.0.0.1:56160
Begin MonoManager ReloadAssembly
Registering precompiled unity dll's ...
Register platform support module: C:/Program Files/Unity 2021.1.5f1/Editor/Data/PlaybackEngines/WindowsStandaloneSupport/UnityEditor.WindowsStandalone.Extensions.dll
Registered in 0.002770 seconds.
Native extension for WindowsStandalone target not found
Refreshing native plugins compatible for Editor in 85.09 ms, found 1 plugins.
Preloading 0 native plugins for Editor in 0.00 ms.
Mono: successfully reloaded assembly
- Completed reload, in  1.426 seconds
Platform modules already initialized, skipping
Registering precompiled user dll's ...
Registered in 0.004757 seconds.
Begin MonoManager ReloadAssembly
Native extension for WindowsStandalone target not found
Refreshing native plugins compatible for Editor in 0.59 ms, found 1 plugins.
Preloading 0 native plugins for Editor in 0.00 ms.
Mono: successfully reloaded assembly
- Completed reload, in  1.119 seconds
Platform modules already initialized, skipping
========================================================================
Worker process is ready to serve import requests
Launched and connected shader compiler UnityShaderCompiler.exe after 0.04 seconds
Refreshing native plugins compatible for Editor in 0.57 ms, found 1 plugins.
Preloading 0 native plugins for Editor in 0.00 ms.
Unloading 2824 Unused Serialized files (Serialized files now loaded: 0)
System memory in use before: 103.5 MB.
System memory in use after: 103.7 MB.

Unloading 16 unused Assets to reduce memory usage. Loaded Objects now: 3276.
Total: 2.187500 ms (FindLiveObjects: 0.290500 ms CreateObjectMapping: 0.075300 ms MarkObjects: 1.746800 ms  DeleteObjects: 0.073800 ms)

========================================================================
Received Import Request.
  path: Assets/Scripts
  artifactKey: Guid(279ea718b5cf6314bb3a7fefeafed4cb) Importer(815301076,1909f56bfc062723c751e8b465ee728b)
Start importing Assets/Scripts using Guid(279ea718b5cf6314bb3a7fefeafed4cb) Importer(815301076,1909f56bfc062723c751e8b465ee728b)  -> (artifact id: '819746dc16b2040df2e93e562df5d474') in 0.011889 seconds 
========================================================================
Received Import Request.
  Time since last request: 0.757454 seconds.
  path: Assets/Scripts/TextWriter.cs
  artifactKey: Guid(be017fe7823b16a468f257caa953845f) Importer(815301076,1909f56bfc062723c751e8b465ee728b)
Start importing Assets/Scripts/TextWriter.cs using Guid(be017fe7823b16a468f257caa953845f) Importer(815301076,1909f56bfc062723c751e8b465ee728b)  -> (artifact id: '8ab534ba620655dca0e567aa6e64b724') in 0.033896 seconds 
========================================================================
Received Import Request.
  Time since last request: 6.307511 seconds.
  path: Assets/Scripts/SoundController.cs
  artifactKey: Guid(d876a60c56bcd0f428d252412b42be77) Importer(815301076,1909f56bfc062723c751e8b465ee728b)
Start importing Assets/Scripts/SoundController.cs using Guid(d876a60c56bcd0f428d252412b42be77) Importer(815301076,1909f56bfc062723c751e8b465ee728b)  -> (artifact id: '27d964f6bcbd057d466df56a23e9ce33') in 0.009890 seconds 
========================================================================
Received Import Request.
  Time since last request: 623.573808 seconds.
  path: Assets/Scripts/CameraMovement.cs
  artifactKey: Guid(3bd8d44b69de0ea48b32942b98c6d6a2) Importer(815301076,1909f56bfc062723c751e8b465ee728b)
Start importing Assets/Scripts/CameraMovement.cs using Guid(3bd8d44b69de0ea48b32942b98c6d6a2) Importer(815301076,1909f56bfc062723c751e8b465ee728b)  -> (artifact id: '9afa143cc40d48542fb96b07e4304c34') in 0.009628 seconds 
========================================================================
Received Prepare
Registering precompiled user dll's ...
Registered in 0.004316 seconds.
Begin MonoManager ReloadAssembly
Native extension for WindowsStandalone target not found
Refreshing native plugins compatible for Editor in 0.85 ms, found 1 plugins.
Preloading 0 native plugins for Editor in 0.00 ms.
Mono: successfully reloaded assembly
- Completed reload, in  1.173 seconds
Platform modules already initialized, skipping
Refreshing native plugins compatible for Editor in 0.63 ms, found 1 plugins.
Preloading 0 native plugins for Editor in 0.00 ms.
Unloading 2817 Unused Serialized files (Serialized files now loaded: 0)
System memory in use before: 103.4 MB.
System memory in use after: 103.6 MB.

Unloading 11 unused Assets to reduce memory usage. Loaded Objects now: 3279.
Total: 2.775800 ms (FindLiveObjects: 0.269600 ms CreateObjectMapping: 0.100500 ms MarkObjects: 2.348900 ms  DeleteObjects: 0.055400 ms)

========================================================================
Received Import Request.
  Time since last request: 57.485242 seconds.
  path: Assets/Scripts/CameraMovement.cs
  artifactKey: Guid(3bd8d44b69de0ea48b32942b98c6d6a2) Importer(815301076,1909f56bfc062723c751e8b465ee728b)
Start importing Assets/Scripts/CameraMovement.cs using Guid(3bd8d44b69de0ea48b32942b98c6d6a2) Importer(815301076,1909f56bfc062723c751e8b465ee728b)  -> (artifact id: '5a17c92b0cb1eba5af7573dc68782322') in 0.008374 seconds 
========================================================================
Received Prepare
Registering precompiled user dll's ...
Registered in 0.004735 seconds.
Begin MonoManager ReloadAssembly
Native extension for WindowsStandalone target not found
Refreshing native plugins compatible for Editor in 0.58 ms, found 1 plugins.
Preloading 0 native plugins for Editor in 0.00 ms.
Mono: successfully reloaded assembly
- Completed reload, in  1.122 seconds
Platform modules already initialized, skipping
Refreshing native plugins compatible for Editor in 0.59 ms, found 1 plugins.
Preloading 0 native plugins for Editor in 0.00 ms.
Unloading 2817 Unused Serialized files (Serialized files now loaded: 0)
System memory in use before: 103.4 MB.
System memory in use after: 103.6 MB.

Unloading 11 unused Assets to reduce memory usage. Loaded Objects now: 3282.
Total: 2.507200 ms (FindLiveObjects: 0.271100 ms CreateObjectMapping: 0.075000 ms MarkObjects: 2.087700 ms  DeleteObjects: 0.072100 ms)

========================================================================
Received Prepare
Registering precompiled user dll's ...
Registered in 0.004801 seconds.
Begin MonoManager ReloadAssembly
Native extension for WindowsStandalone target not found
Refreshing native plugins compatible for Editor in 1.17 ms, found 1 plugins.
Preloading 0 native plugins for Editor in 0.00 ms.
Mono: successfully reloaded assembly
- Completed reload, in  1.115 seconds
Platform modules already initialized, skipping
Refreshing native plugins compatible for Editor in 0.64 ms, found 1 plugins.
Preloading 0 native plugins for Editor in 0.00 ms.
Unloading 2817 Unused Serialized files (Serialized files now loaded: 0)
System memory in use before: 103.4 MB.
System memory in use after: 103.6 MB.

Unloading 11 unused Assets to reduce memory usage. Loaded Objects now: 3285.
Total: 2.543200 ms (FindLiveObjects: 0.267300 ms CreateObjectMapping: 0.072900 ms MarkObjects: 2.135700 ms  DeleteObjects: 0.065800 ms)

========================================================================
Received Prepare
Registering precompiled user dll's ...
Registered in 0.004696 seconds.
Begin MonoManager ReloadAssembly
Native extension for WindowsStandalone target not found
Refreshing native plugins compatible for Editor in 0.58 ms, found 1 plugins.
Preloading 0 native plugins for Editor in 0.00 ms.
Mono: successfully reloaded assembly
- Completed reload, in  1.153 seconds
Platform modules already initialized, skipping
Refreshing native plugins compatible for Editor in 0.81 ms, found 1 plugins.
Preloading 0 native plugins for Editor in 0.00 ms.
Unloading 2817 Unused Serialized files (Serialized files now loaded: 0)
System memory in use before: 103.5 MB.
System memory in use after: 103.7 MB.

Unloading 11 unused Assets to reduce memory usage. Loaded Objects now: 3288.
Total: 2.217400 ms (FindLiveObjects: 0.279000 ms CreateObjectMapping: 0.080200 ms MarkObjects: 1.806400 ms  DeleteObjects: 0.050200 ms)

========================================================================
Received Prepare
Registering precompiled user dll's ...
Registered in 0.004648 seconds.
Begin MonoManager ReloadAssembly
Native extension for WindowsStandalone target not found
Refreshing native plugins compatible for Editor in 0.65 ms, found 1 plugins.
Preloading 0 native plugins for Editor in 0.00 ms.
Mono: successfully reloaded assembly
- Completed reload, in  1.123 seconds
Platform modules already initialized, skipping
Refreshing native plugins compatible for Editor in 0.58 ms, found 1 plugins.
Preloading 0 native plugins for Editor in 0.00 ms.
Unloading 2817 Unused Serialized files (Serialized files now loaded: 0)
System memory in use before: 103.5 MB.
System memory in use after: 103.7 MB.

Unloading 11 unused Assets to reduce memory usage. Loaded Objects now: 3291.
Total: 2.142500 ms (FindLiveObjects: 0.249600 ms CreateObjectMapping: 0.084900 ms MarkObjects: 1.759000 ms  DeleteObjects: 0.047800 ms)

========================================================================
Received Import Request.
  Time since last request: 873.789414 seconds.
  path: ProjectSettings/TagManager.asset
  artifactKey: Guid(00000000000000003000000000000000) Importer(815301076,1909f56bfc062723c751e8b465ee728b)
Start importing ProjectSettings/TagManager.asset using Guid(00000000000000003000000000000000) Importer(815301076,1909f56bfc062723c751e8b465ee728b)  -> (artifact id: '99fcb33b6656b012f20b1fe4a0e6cfc9') in 0.027688 seconds 
========================================================================
Received Prepare
Registering precompiled user dll's ...
Registered in 0.004322 seconds.
Begin MonoManager ReloadAssembly
Native extension for WindowsStandalone target not found
Refreshing native plugins compatible for Editor in 0.79 ms, found 1 plugins.
Preloading 0 native plugins for Editor in 0.00 ms.
Mono: successfully reloaded assembly
- Completed reload, in  1.095 seconds
Platform modules already initialized, skipping
Refreshing native plugins compatible for Editor in 0.58 ms, found 1 plugins.
Preloading 0 native plugins for Editor in 0.00 ms.
Unloading 2817 Unused Serialized files (Serialized files now loaded: 0)
System memory in use before: 103.5 MB.
System memory in use after: 103.7 MB.

Unloading 12 unused Assets to reduce memory usage. Loaded Objects now: 3294.
Total: 2.182700 ms (FindLiveObjects: 0.256700 ms CreateObjectMapping: 0.077500 ms MarkObjects: 1.797600 ms  DeleteObjects: 0.049700 ms)

========================================================================
Received Prepare
Registering precompiled user dll's ...
Registered in 0.004610 seconds.
Begin MonoManager ReloadAssembly
Native extension for WindowsStandalone target not found
Refreshing native plugins compatible for Editor in 0.58 ms, found 1 plugins.
Preloading 0 native plugins for Editor in 0.00 ms.
Mono: successfully reloaded assembly
- Completed reload, in  1.174 seconds
Platform modules already initialized, skipping
Refreshing native plugins compatible for Editor in 0.63 ms, found 1 plugins.
Preloading 0 native plugins for Editor in 0.00 ms.
Unloading 2817 Unused Serialized files (Serialized files now loaded: 0)
System memory in use before: 103.5 MB.
System memory in use after: 103.7 MB.

Unloading 11 unused Assets to reduce memory usage. Loaded Objects now: 3297.
Total: 2.201700 ms (FindLiveObjects: 0.280800 ms CreateObjectMapping: 0.076900 ms MarkObjects: 1.792500 ms  DeleteObjects: 0.050100 ms)

========================================================================
Received Import Request.
  Time since last request: 1042.320168 seconds.
  path: Assets/3D Assets/barrel.fbx
  artifactKey: Guid(9ca7828ed637e504e82325e8d2256404) Importer(815301076,1909f56bfc062723c751e8b465ee728b)
Start importing Assets/3D Assets/barrel.fbx using Guid(9ca7828ed637e504e82325e8d2256404) Importer(815301076,1909f56bfc062723c751e8b465ee728b)  -> (artifact id: '087d4acaed9f2d8802fb82978a2bc322') in 0.368375 seconds 
========================================================================
Received Import Request.
  Time since last request: 0.000189 seconds.
  path: Assets/3D Assets/floor.fbx
  artifactKey: Guid(261aa4b02f5410f4ab66e7435889ae54) Importer(815301076,1909f56bfc062723c751e8b465ee728b)
Start importing Assets/3D Assets/floor.fbx using Guid(261aa4b02f5410f4ab66e7435889ae54) Importer(815301076,1909f56bfc062723c751e8b465ee728b)  -> (artifact id: '951a746290442a43db09f51c8cd41428') in 0.033018 seconds 
========================================================================
Received Import Request.
  Time since last request: 0.000183 seconds.
  path: Assets/3D Assets/chair.fbx
  artifactKey: Guid(809f0344f0e665e40b5943127cd23229) Importer(815301076,1909f56bfc062723c751e8b465ee728b)
Start importing Assets/3D Assets/chair.fbx using Guid(809f0344f0e665e40b5943127cd23229) Importer(815301076,1909f56bfc062723c751e8b465ee728b)  -> (artifact id: '11bc704117457fa27596f292f6d54b9a') in 0.037245 seconds 
========================================================================
Received Import Request.
  Time since last request: 0.000187 seconds.
  path: Assets/3D Assets/block.fbx
  artifactKey: Guid(9e97d8d448ca3314b8d2844031cef82e) Importer(815301076,1909f56bfc062723c751e8b465ee728b)
Start importing Assets/3D Assets/block.fbx using Guid(9e97d8d448ca3314b8d2844031cef82e) Importer(815301076,1909f56bfc062723c751e8b465ee728b)  -> (artifact id: '6a630d259ac9b881b9fa9e8c9966a456') in 0.046663 seconds 
========================================================================
Received Import Request.
  Time since last request: 0.000198 seconds.
  path: Assets/3D Assets/wall.fbx
  artifactKey: Guid(76a57311cbc25b84b835792085277bec) Importer(815301076,1909f56bfc062723c751e8b465ee728b)
Start importing Assets/3D Assets/wall.fbx using Guid(76a57311cbc25b84b835792085277bec) Importer(815301076,1909f56bfc062723c751e8b465ee728b)  -> (artifact id: 'dd1c6ab1220987f91226441255004494') in 0.040215 seconds 
========================================================================
Received Import Request.
  Time since last request: 0.000190 seconds.
  path: Assets/3D Assets/table.fbx
  artifactKey: Guid(093d449b3c0f88c46b54912ee01cae72) Importer(815301076,1909f56bfc062723c751e8b465ee728b)
Start importing Assets/3D Assets/table.fbx using Guid(093d449b3c0f88c46b54912ee01cae72) Importer(815301076,1909f56bfc062723c751e8b465ee728b)  -> (artifact id: '9ef98e7ed307c027d455848a589131c9') in 0.034755 seconds 
========================================================================
Received Import Request.
  Time since last request: 7.884037 seconds.
  path: Assets/Sounds
  artifactKey: Guid(b9e4bc9644efffd4bb9a47abdc5ac5dd) Importer(815301076,1909f56bfc062723c751e8b465ee728b)
Start importing Assets/Sounds using Guid(b9e4bc9644efffd4bb9a47abdc5ac5dd) Importer(815301076,1909f56bfc062723c751e8b465ee728b)  -> (artifact id: '469ca090dac7f6a7436e7fcf11f0f112') in 0.014859 seconds 
========================================================================
Received Import Request.
  Time since last request: 455.845066 seconds.
  path: Assets/Sounds/Ambience.mp3
  artifactKey: Guid(8b608061cbad73a4b85a3d30710f60d6) Importer(815301076,1909f56bfc062723c751e8b465ee728b)
Start importing Assets/Sounds/Ambience.mp3 using Guid(8b608061cbad73a4b85a3d30710f60d6) Importer(815301076,1909f56bfc062723c751e8b465ee728b)  -> (artifact id: '3151ae028577349fb40c6a1109078890') in 0.033808 seconds 
AssetImportWorkerClient::OnTransportError - code=2 error=End of file
