Using pre-set license
Built from '2021.1/staging' branch; Version is '2021.1.5f1 (3737af19df53) revision 3618735'; Using compiler version '192528614'; Build Type 'Release'
OS: 'Windows 10 Pro; OS build 19042.1466; Version 2009; 64bit' Language: 'de' Physical Memory: 16310 MB
BatchMode: 1, IsHumanControllingUs: 0, StartBugReporterOnCrash: 0, Is64bit: 1, IsPro: 0

 COMMAND LINE ARGUMENTS:
C:\Program Files\Unity\Hub\Editor\2021.1.5f1\Editor\Unity.exe
-adb2
-batchMode
-noUpm
-name
AssetImportWorker0
-projectPath
D:/GGJ22---HPS/PhilosophaAlpha
-logFile
Logs/AssetImportWorker0.log
-srvPort
59907
Successfully changed project path to: D:/GGJ22---HPS/PhilosophaAlpha
D:/GGJ22---HPS/PhilosophaAlpha
Using Asset Import Pipeline V2.
Refreshing native plugins compatible for Editor in 75.32 ms, found 1 plugins.
Preloading 0 native plugins for Editor in 0.00 ms.
Initialize engine version: 2021.1.5f1 (3737af19df53)
[Subsystems] Discovering subsystems at path C:/Program Files/Unity/Hub/Editor/2021.1.5f1/Editor/Data/Resources/UnitySubsystems
[Subsystems] Discovering subsystems at path D:/GGJ22---HPS/PhilosophaAlpha/Assets
GfxDevice: creating device client; threaded=0; jobified=0
Direct3D:
    Version:  Direct3D 11.0 [level 11.1]
    Renderer: NVIDIA GeForce GTX 1070 (ID=0x1b81)
    Vendor:   NVIDIA
    VRAM:     8088 MB
    Driver:   30.0.15.1123
Initialize mono
Mono path[0] = 'C:/Program Files/Unity/Hub/Editor/2021.1.5f1/Editor/Data/Managed'
Mono path[1] = 'C:/Program Files/Unity/Hub/Editor/2021.1.5f1/Editor/Data/MonoBleedingEdge/lib/mono/unityjit'
Mono config path = 'C:/Program Files/Unity/Hub/Editor/2021.1.5f1/Editor/Data/MonoBleedingEdge/etc'
Using monoOptions --debugger-agent=transport=dt_socket,embedding=1,server=y,suspend=n,address=127.0.0.1:56000
Begin MonoManager ReloadAssembly
Registering precompiled unity dll's ...
Register platform support module: C:/Program Files/Unity/Hub/Editor/2021.1.5f1/Editor/Data/PlaybackEngines/WindowsStandaloneSupport/UnityEditor.WindowsStandalone.Extensions.dll
Registered in 0.002070 seconds.
Native extension for WindowsStandalone target not found
Refreshing native plugins compatible for Editor in 73.98 ms, found 1 plugins.
Preloading 0 native plugins for Editor in 0.00 ms.
Mono: successfully reloaded assembly
- Completed reload, in  1.195 seconds
Platform modules already initialized, skipping
Registering precompiled user dll's ...
Registered in 0.003158 seconds.
Begin MonoManager ReloadAssembly
Native extension for WindowsStandalone target not found
Refreshing native plugins compatible for Editor in 0.43 ms, found 1 plugins.
Preloading 0 native plugins for Editor in 0.00 ms.
Mono: successfully reloaded assembly
- Completed reload, in  0.867 seconds
Platform modules already initialized, skipping
========================================================================
Worker process is ready to serve import requests
Launched and connected shader compiler UnityShaderCompiler.exe after 0.04 seconds
Refreshing native plugins compatible for Editor in 0.43 ms, found 1 plugins.
Preloading 0 native plugins for Editor in 0.00 ms.
Unloading 2825 Unused Serialized files (Serialized files now loaded: 0)
System memory in use before: 103.6 MB.
System memory in use after: 103.7 MB.

Unloading 16 unused Assets to reduce memory usage. Loaded Objects now: 3277.
Total: 1.767200 ms (FindLiveObjects: 0.189600 ms CreateObjectMapping: 0.112700 ms MarkObjects: 1.401900 ms  DeleteObjects: 0.062400 ms)

========================================================================
Received Import Request.
  path: Assets/3D Assets/cup.fbx
  artifactKey: Guid(15debcc2c07d5bd4187577333a5b6e41) Importer(815301076,1909f56bfc062723c751e8b465ee728b)
Start importing Assets/3D Assets/cup.fbx using Guid(15debcc2c07d5bd4187577333a5b6e41) Importer(815301076,1909f56bfc062723c751e8b465ee728b)  -> (artifact id: '7413113c6d929bf7ce7adb4b0097d25b') in 0.123475 seconds 
========================================================================
Received Import Request.
  Time since last request: 0.000211 seconds.
  path: Assets/3D Assets/lamp.fbx
  artifactKey: Guid(ee27c1fa389850a43aa51c9c4e4efa7b) Importer(815301076,1909f56bfc062723c751e8b465ee728b)
Start importing Assets/3D Assets/lamp.fbx using Guid(ee27c1fa389850a43aa51c9c4e4efa7b) Importer(815301076,1909f56bfc062723c751e8b465ee728b)  -> (artifact id: 'b9f5d6cb646d8b2b705dad985b5a71f1') in 0.050812 seconds 
========================================================================
Received Import Request.
  Time since last request: 0.000194 seconds.
  path: Assets/3D Assets/botle.fbx
  artifactKey: Guid(9172e1c3fc3716747be2082ead38690e) Importer(815301076,1909f56bfc062723c751e8b465ee728b)
Start importing Assets/3D Assets/botle.fbx using Guid(9172e1c3fc3716747be2082ead38690e) Importer(815301076,1909f56bfc062723c751e8b465ee728b)  -> (artifact id: '7693a35c16542071be7da025bf1b8ea5') in 0.013540 seconds 
========================================================================
Received Import Request.
  Time since last request: 120.856674 seconds.
  path: Assets/Materials/lamp
  artifactKey: Guid(3b68df7f1716e434fb13547553319dcd) Importer(815301076,1909f56bfc062723c751e8b465ee728b)
Start importing Assets/Materials/lamp using Guid(3b68df7f1716e434fb13547553319dcd) Importer(815301076,1909f56bfc062723c751e8b465ee728b)  -> (artifact id: '5a5dde4b608cab5dfbe0fa1f312bccbf') in 0.001361 seconds 
========================================================================
Received Import Request.
  Time since last request: 9.108626 seconds.
  path: Assets/Materials/lamp/lamp-base.mat
  artifactKey: Guid(dfc964d716169774cae3f8d206345805) Importer(815301076,1909f56bfc062723c751e8b465ee728b)
Start importing Assets/Materials/lamp/lamp-base.mat using Guid(dfc964d716169774cae3f8d206345805) Importer(815301076,1909f56bfc062723c751e8b465ee728b)  -> (artifact id: '9716ce69207811313604525f3193d542') in 0.010120 seconds 
========================================================================
Received Import Request.
  Time since last request: 26.243932 seconds.
  path: Assets/Materials/lamp/lamp-schirm.mat
  artifactKey: Guid(ef3541bd3fcf6dd45a364f0d2b7fd585) Importer(815301076,1909f56bfc062723c751e8b465ee728b)
Start importing Assets/Materials/lamp/lamp-schirm.mat using Guid(ef3541bd3fcf6dd45a364f0d2b7fd585) Importer(815301076,1909f56bfc062723c751e8b465ee728b)  -> (artifact id: '45a2a7b0bd833f720f2432e62a2a28fb') in 0.008401 seconds 
========================================================================
Received Import Request.
  Time since last request: 5.075529 seconds.
  path: Assets/Materials/lamp/lamp-metal.mat
  artifactKey: Guid(dfc964d716169774cae3f8d206345805) Importer(815301076,1909f56bfc062723c751e8b465ee728b)
Start importing Assets/Materials/lamp/lamp-metal.mat using Guid(dfc964d716169774cae3f8d206345805) Importer(815301076,1909f56bfc062723c751e8b465ee728b)  -> (artifact id: 'c16fbc0a75ddc4e05392e606406ddd28') in 0.007347 seconds 
========================================================================
Received Import Request.
  Time since last request: 38.933267 seconds.
  path: Assets/Materials/lamp/lamp_m-lamp-base_BaseColor.png
  artifactKey: Guid(7c349800a5af46c46bb12ebc3cbb1b69) Importer(815301076,1909f56bfc062723c751e8b465ee728b)
Start importing Assets/Materials/lamp/lamp_m-lamp-base_BaseColor.png using Guid(7c349800a5af46c46bb12ebc3cbb1b69) Importer(815301076,1909f56bfc062723c751e8b465ee728b)  -> (artifact id: '434e36bb4aa3b22ae0571881e004eca9') in 0.034950 seconds 
========================================================================
Received Import Request.
  Time since last request: 0.000181 seconds.
  path: Assets/Materials/lamp/lamp_m-lamp-base_Metallic.png
  artifactKey: Guid(7440d9d8f97d38e46bfb628b3aebb562) Importer(815301076,1909f56bfc062723c751e8b465ee728b)
Start importing Assets/Materials/lamp/lamp_m-lamp-base_Metallic.png using Guid(7440d9d8f97d38e46bfb628b3aebb562) Importer(815301076,1909f56bfc062723c751e8b465ee728b)  -> (artifact id: 'aac1d747c59b8941a823dd31c211965f') in 0.006374 seconds 
========================================================================
Received Import Request.
  Time since last request: 0.000178 seconds.
  path: Assets/Materials/lamp/lamp_m-lamp-base_Height.png
  artifactKey: Guid(5d6aaebf53e89c54b9bfe219038ea192) Importer(815301076,1909f56bfc062723c751e8b465ee728b)
Start importing Assets/Materials/lamp/lamp_m-lamp-base_Height.png using Guid(5d6aaebf53e89c54b9bfe219038ea192) Importer(815301076,1909f56bfc062723c751e8b465ee728b)  -> (artifact id: '180248660f5dc318acad445e8cf32903') in 0.011648 seconds 
========================================================================
Received Import Request.
  Time since last request: 0.000188 seconds.
  path: Assets/Materials/lamp/lamp_m-lamp-schirm_Normal.png
  artifactKey: Guid(a66a7d2de17fd324490c8196cf101403) Importer(815301076,1909f56bfc062723c751e8b465ee728b)
Start importing Assets/Materials/lamp/lamp_m-lamp-schirm_Normal.png using Guid(a66a7d2de17fd324490c8196cf101403) Importer(815301076,1909f56bfc062723c751e8b465ee728b)  -> (artifact id: 'b9b3c3ec01aa096955712289ff3ba919') in 0.022806 seconds 
========================================================================
Received Import Request.
  Time since last request: 0.000150 seconds.
  path: Assets/Materials/lamp/lamp_m-lamp-schirm_Height.png
  artifactKey: Guid(671d8e3e734edc548be734f1b7075bed) Importer(815301076,1909f56bfc062723c751e8b465ee728b)
Start importing Assets/Materials/lamp/lamp_m-lamp-schirm_Height.png using Guid(671d8e3e734edc548be734f1b7075bed) Importer(815301076,1909f56bfc062723c751e8b465ee728b)  -> (artifact id: '052052457143d3875179769cd87086db') in 0.006271 seconds 
========================================================================
Received Import Request.
  Time since last request: 0.000174 seconds.
  path: Assets/Materials/lamp/lamp_m-lamp-base_Normal.png
  artifactKey: Guid(0d37d9ef5d3105e4aaf20eeb77a7c6b6) Importer(815301076,1909f56bfc062723c751e8b465ee728b)
Start importing Assets/Materials/lamp/lamp_m-lamp-base_Normal.png using Guid(0d37d9ef5d3105e4aaf20eeb77a7c6b6) Importer(815301076,1909f56bfc062723c751e8b465ee728b)  -> (artifact id: 'ad8f3eeb74eda5f273b575fc7d0908f4') in 0.008667 seconds 
========================================================================
Received Import Request.
  Time since last request: 0.000219 seconds.
  path: Assets/Materials/lamp/lamp_m-lamp-schirm_BaseColor.png
  artifactKey: Guid(19523525c454a5843aae4d365583b608) Importer(815301076,1909f56bfc062723c751e8b465ee728b)
Start importing Assets/Materials/lamp/lamp_m-lamp-schirm_BaseColor.png using Guid(19523525c454a5843aae4d365583b608) Importer(815301076,1909f56bfc062723c751e8b465ee728b)  -> (artifact id: '4f05f91bd6d08567f771834ae817a069') in 0.009387 seconds 
========================================================================
Received Import Request.
  Time since last request: 0.000217 seconds.
  path: Assets/Materials/lamp/lamp_m-lamp-schirm_Metallic.png
  artifactKey: Guid(05254a3038f8d604daad76b5462698bb) Importer(815301076,1909f56bfc062723c751e8b465ee728b)
Start importing Assets/Materials/lamp/lamp_m-lamp-schirm_Metallic.png using Guid(05254a3038f8d604daad76b5462698bb) Importer(815301076,1909f56bfc062723c751e8b465ee728b)  -> (artifact id: 'bdba9701bdd92624e394d1def28cf15f') in 0.007773 seconds 
========================================================================
Received Import Request.
  Time since last request: 42.081013 seconds.
  path: Assets/Materials/lamp/lamp_m-lamp-base_Normal.png
  artifactKey: Guid(0d37d9ef5d3105e4aaf20eeb77a7c6b6) Importer(815301076,1909f56bfc062723c751e8b465ee728b)
Start importing Assets/Materials/lamp/lamp_m-lamp-base_Normal.png using Guid(0d37d9ef5d3105e4aaf20eeb77a7c6b6) Importer(815301076,1909f56bfc062723c751e8b465ee728b)  -> (artifact id: 'aeeb9e985879caeac8ce7babe340465a') in 0.013357 seconds 
========================================================================
Received Import Request.
  Time since last request: 0.000162 seconds.
  path: Assets/Materials/lamp/lamp_m-lamp-schirm_Normal.png
  artifactKey: Guid(a66a7d2de17fd324490c8196cf101403) Importer(815301076,1909f56bfc062723c751e8b465ee728b)
Start importing Assets/Materials/lamp/lamp_m-lamp-schirm_Normal.png using Guid(a66a7d2de17fd324490c8196cf101403) Importer(815301076,1909f56bfc062723c751e8b465ee728b)  -> (artifact id: '8fbe3bca0d1bf54eed5bc7e951f605be') in 0.010158 seconds 
========================================================================
Received Import Request.
  Time since last request: 22.794468 seconds.
  path: Assets/Materials/glass.mat
  artifactKey: Guid(387d9c4ab6e4d654ea19cd4984c94159) Importer(815301076,1909f56bfc062723c751e8b465ee728b)
Start importing Assets/Materials/glass.mat using Guid(387d9c4ab6e4d654ea19cd4984c94159) Importer(815301076,1909f56bfc062723c751e8b465ee728b)  -> (artifact id: 'fa2ebfe02f8d137053d7eec7c9e04067') in 0.007352 seconds 
========================================================================
Received Import Request.
  Time since last request: 35.535752 seconds.
  path: Assets/Materials/glass.mat
  artifactKey: Guid(387d9c4ab6e4d654ea19cd4984c94159) Importer(815301076,1909f56bfc062723c751e8b465ee728b)
Start importing Assets/Materials/glass.mat using Guid(387d9c4ab6e4d654ea19cd4984c94159) Importer(815301076,1909f56bfc062723c751e8b465ee728b)  -> (artifact id: '8a207cc2d6c897bcb45fba7728222172') in 0.017542 seconds 
========================================================================
Received Import Request.
  Time since last request: 10.494739 seconds.
  path: Assets/Materials/glass2.mat
  artifactKey: Guid(36ba2d424900e1e48905160fc0c71c56) Importer(815301076,1909f56bfc062723c751e8b465ee728b)
Start importing Assets/Materials/glass2.mat using Guid(36ba2d424900e1e48905160fc0c71c56) Importer(815301076,1909f56bfc062723c751e8b465ee728b)  -> (artifact id: 'c6bace131ec2da811acef74d358566cf') in 0.009407 seconds 
========================================================================
Received Import Request.
  Time since last request: 19.781466 seconds.
  path: Assets/Materials/glass2.mat
  artifactKey: Guid(36ba2d424900e1e48905160fc0c71c56) Importer(815301076,1909f56bfc062723c751e8b465ee728b)
Start importing Assets/Materials/glass2.mat using Guid(36ba2d424900e1e48905160fc0c71c56) Importer(815301076,1909f56bfc062723c751e8b465ee728b)  -> (artifact id: '69129c26f877449055383ce8b45501a0') in 0.007294 seconds 
AssetImportWorkerClient::OnTransportError - code=2 error=End of file
